2016-03-24 10:18:08 [org.springframework.web.context.ContextLoader:285] - Root WebApplicationContext: initialization started
2016-03-24 10:18:08 [org.springframework.context.support.AbstractApplicationContext:513] - Refreshing Root WebApplicationContext: startup date [Thu Mar 24 10:18:08 CST 2016]; root of context hierarchy
2016-03-24 10:18:08 [org.springframework.beans.factory.xml.XmlBeanDefinitionReader:316] - Loading XML bean definitions from class path resource [spring-root.xml]
2016-03-24 10:18:08 [org.springframework.core.io.support.PropertiesLoaderSupport:172] - Loading properties file from class path resource [jdbc.properties]
2016-03-24 10:18:08 [org.springframework.core.io.support.PropertiesLoaderSupport:172] - Loading properties file from class path resource [resources.properties]
2016-03-24 10:18:10 [org.springframework.web.context.ContextLoader:325] - Root WebApplicationContext: initialization completed in 1973 ms
2016-03-24 10:18:10 [org.springframework.web.servlet.FrameworkServlet:479] - FrameworkServlet 'springMVC': initialization started
2016-03-24 10:18:10 [org.springframework.context.support.AbstractApplicationContext:513] - Refreshing WebApplicationContext for namespace 'springMVC-servlet': startup date [Thu Mar 24 10:18:10 CST 2016]; parent: Root WebApplicationContext
2016-03-24 10:18:10 [org.springframework.beans.factory.xml.XmlBeanDefinitionReader:316] - Loading XML bean definitions from class path resource [spring-servlet.xml]
2016-03-24 10:18:10 [org.springframework.web.servlet.handler.AbstractHandlerMethodMapping:197] - Mapped "{[/main],methods=[GET],params=[],headers=[],consumes=[],produces=[],custom=[]}" onto public java.lang.String com.lt.crm.web.controller.MainController.main(javax.servlet.http.HttpSession)
2016-03-24 10:18:10 [org.springframework.web.servlet.handler.AbstractHandlerMethodMapping:197] - Mapped "{[/user/login],methods=[],params=[],headers=[],consumes=[],produces=[],custom=[]}" onto public com.lt.crm.common.resp.RespBody com.lt.crm.web.controller.UserController.login(javax.servlet.http.HttpSession,javax.servlet.http.HttpServletRequest,java.lang.String,java.lang.String)
2016-03-24 10:18:11 [org.springframework.web.servlet.handler.AbstractUrlHandlerMapping:315] - Mapped URL path [/**] onto handler 'org.springframework.web.servlet.resource.DefaultServletHttpRequestHandler#0'
2016-03-24 10:18:11 [org.springframework.web.servlet.handler.AbstractUrlHandlerMapping:315] - Mapped URL path [/static/**] onto handler 'org.springframework.web.servlet.resource.ResourceHttpRequestHandler#0'
2016-03-24 10:18:11 [org.springframework.web.servlet.handler.AbstractUrlHandlerMapping:302] - Root mapping to handler of type [class org.springframework.web.servlet.mvc.ParameterizableViewController]
2016-03-24 10:18:11 [org.springframework.web.servlet.FrameworkServlet:498] - FrameworkServlet 'springMVC': initialization completed in 1038 ms
2016-03-24 10:39:33 [org.springframework.web.context.ContextLoader:285] - Root WebApplicationContext: initialization started
2016-03-24 10:39:33 [org.springframework.context.support.AbstractApplicationContext:513] - Refreshing Root WebApplicationContext: startup date [Thu Mar 24 10:39:33 CST 2016]; root of context hierarchy
2016-03-24 10:39:33 [org.springframework.beans.factory.xml.XmlBeanDefinitionReader:316] - Loading XML bean definitions from class path resource [spring-root.xml]
2016-03-24 10:39:34 [org.springframework.core.io.support.PropertiesLoaderSupport:172] - Loading properties file from class path resource [jdbc.properties]
2016-03-24 10:39:34 [org.springframework.core.io.support.PropertiesLoaderSupport:172] - Loading properties file from class path resource [resources.properties]
2016-03-24 10:39:35 [org.springframework.web.context.ContextLoader:325] - Root WebApplicationContext: initialization completed in 2136 ms
2016-03-24 10:39:35 [org.springframework.web.servlet.FrameworkServlet:479] - FrameworkServlet 'springMVC': initialization started
2016-03-24 10:39:35 [org.springframework.context.support.AbstractApplicationContext:513] - Refreshing WebApplicationContext for namespace 'springMVC-servlet': startup date [Thu Mar 24 10:39:35 CST 2016]; parent: Root WebApplicationContext
2016-03-24 10:39:35 [org.springframework.beans.factory.xml.XmlBeanDefinitionReader:316] - Loading XML bean definitions from class path resource [spring-servlet.xml]
2016-03-24 10:39:36 [org.springframework.web.servlet.handler.AbstractHandlerMethodMapping:197] - Mapped "{[/main],methods=[GET],params=[],headers=[],consumes=[],produces=[],custom=[]}" onto public java.lang.String com.lt.crm.web.controller.MainController.main(javax.servlet.http.HttpSession)
2016-03-24 10:39:36 [org.springframework.web.servlet.handler.AbstractHandlerMethodMapping:197] - Mapped "{[/user],methods=[GET],params=[],headers=[],consumes=[],produces=[],custom=[]}" onto public java.lang.String com.lt.crm.web.controller.MainController.user(javax.servlet.http.HttpSession)
2016-03-24 10:39:36 [org.springframework.web.servlet.handler.AbstractHandlerMethodMapping:197] - Mapped "{[/user/login],methods=[],params=[],headers=[],consumes=[],produces=[],custom=[]}" onto public com.lt.crm.common.resp.RespBody com.lt.crm.web.controller.UserController.login(javax.servlet.http.HttpSession,javax.servlet.http.HttpServletRequest,java.lang.String,java.lang.String)
2016-03-24 10:39:36 [org.springframework.web.servlet.handler.AbstractUrlHandlerMapping:315] - Mapped URL path [/**] onto handler 'org.springframework.web.servlet.resource.DefaultServletHttpRequestHandler#0'
2016-03-24 10:39:36 [org.springframework.web.servlet.handler.AbstractUrlHandlerMapping:315] - Mapped URL path [/static/**] onto handler 'org.springframework.web.servlet.resource.ResourceHttpRequestHandler#0'
2016-03-24 10:39:36 [org.springframework.web.servlet.handler.AbstractUrlHandlerMapping:302] - Root mapping to handler of type [class org.springframework.web.servlet.mvc.ParameterizableViewController]
2016-03-24 10:39:37 [org.springframework.web.servlet.FrameworkServlet:498] - FrameworkServlet 'springMVC': initialization completed in 1158 ms
2016-03-24 11:26:44 [org.springframework.web.context.ContextLoader:285] - Root WebApplicationContext: initialization started
2016-03-24 11:26:44 [org.springframework.context.support.AbstractApplicationContext:513] - Refreshing Root WebApplicationContext: startup date [Thu Mar 24 11:26:44 CST 2016]; root of context hierarchy
2016-03-24 11:26:44 [org.springframework.beans.factory.xml.XmlBeanDefinitionReader:316] - Loading XML bean definitions from class path resource [spring-root.xml]
2016-03-24 11:26:45 [org.springframework.core.io.support.PropertiesLoaderSupport:172] - Loading properties file from class path resource [jdbc.properties]
2016-03-24 11:26:45 [org.springframework.core.io.support.PropertiesLoaderSupport:172] - Loading properties file from class path resource [resources.properties]
2016-03-24 11:26:46 [org.springframework.web.context.ContextLoader:325] - Root WebApplicationContext: initialization completed in 2100 ms
2016-03-24 11:26:46 [org.springframework.web.servlet.FrameworkServlet:479] - FrameworkServlet 'springMVC': initialization started
2016-03-24 11:26:46 [org.springframework.context.support.AbstractApplicationContext:513] - Refreshing WebApplicationContext for namespace 'springMVC-servlet': startup date [Thu Mar 24 11:26:46 CST 2016]; parent: Root WebApplicationContext
2016-03-24 11:26:46 [org.springframework.beans.factory.xml.XmlBeanDefinitionReader:316] - Loading XML bean definitions from class path resource [spring-servlet.xml]
2016-03-24 11:26:47 [org.springframework.web.servlet.handler.AbstractHandlerMethodMapping:197] - Mapped "{[/main],methods=[GET],params=[],headers=[],consumes=[],produces=[],custom=[]}" onto public java.lang.String com.lt.crm.web.controller.MainController.main()
2016-03-24 11:26:47 [org.springframework.web.servlet.handler.AbstractHandlerMethodMapping:197] - Mapped "{[/user],methods=[GET],params=[],headers=[],consumes=[],produces=[],custom=[]}" onto public java.lang.String com.lt.crm.web.controller.MainController.user()
2016-03-24 11:26:47 [org.springframework.web.servlet.handler.AbstractHandlerMethodMapping:197] - Mapped "{[/user/list],methods=[],params=[],headers=[],consumes=[],produces=[],custom=[]}" onto public com.lt.crm.common.resp.RespBody com.lt.crm.web.controller.UserController.list(java.lang.Integer,java.lang.String)
2016-03-24 11:26:47 [org.springframework.web.servlet.handler.AbstractHandlerMethodMapping:197] - Mapped "{[/user/login],methods=[],params=[],headers=[],consumes=[],produces=[],custom=[]}" onto public com.lt.crm.common.resp.RespBody com.lt.crm.web.controller.UserController.login(javax.servlet.http.HttpSession,javax.servlet.http.HttpServletRequest,java.lang.String,java.lang.String)
2016-03-24 11:26:47 [org.springframework.web.servlet.handler.AbstractUrlHandlerMapping:315] - Mapped URL path [/**] onto handler 'org.springframework.web.servlet.resource.DefaultServletHttpRequestHandler#0'
2016-03-24 11:26:47 [org.springframework.web.servlet.handler.AbstractUrlHandlerMapping:315] - Mapped URL path [/static/**] onto handler 'org.springframework.web.servlet.resource.ResourceHttpRequestHandler#0'
2016-03-24 11:26:47 [org.springframework.web.servlet.handler.AbstractUrlHandlerMapping:302] - Root mapping to handler of type [class org.springframework.web.servlet.mvc.ParameterizableViewController]
2016-03-24 11:26:47 [org.springframework.web.servlet.FrameworkServlet:498] - FrameworkServlet 'springMVC': initialization completed in 1110 ms
2016-03-24 11:45:39 [org.springframework.web.context.ContextLoader:285] - Root WebApplicationContext: initialization started
2016-03-24 11:45:39 [org.springframework.context.support.AbstractApplicationContext:513] - Refreshing Root WebApplicationContext: startup date [Thu Mar 24 11:45:39 CST 2016]; root of context hierarchy
2016-03-24 11:45:39 [org.springframework.beans.factory.xml.XmlBeanDefinitionReader:316] - Loading XML bean definitions from class path resource [spring-root.xml]
2016-03-24 11:45:40 [org.springframework.core.io.support.PropertiesLoaderSupport:172] - Loading properties file from class path resource [jdbc.properties]
2016-03-24 11:45:40 [org.springframework.core.io.support.PropertiesLoaderSupport:172] - Loading properties file from class path resource [resources.properties]
2016-03-24 11:45:41 [org.springframework.web.context.ContextLoader:325] - Root WebApplicationContext: initialization completed in 2241 ms
2016-03-24 11:45:41 [org.springframework.web.servlet.FrameworkServlet:479] - FrameworkServlet 'springMVC': initialization started
2016-03-24 11:45:42 [org.springframework.context.support.AbstractApplicationContext:513] - Refreshing WebApplicationContext for namespace 'springMVC-servlet': startup date [Thu Mar 24 11:45:42 CST 2016]; parent: Root WebApplicationContext
2016-03-24 11:45:42 [org.springframework.beans.factory.xml.XmlBeanDefinitionReader:316] - Loading XML bean definitions from class path resource [spring-servlet.xml]
2016-03-24 11:45:42 [org.springframework.web.servlet.handler.AbstractHandlerMethodMapping:197] - Mapped "{[/main],methods=[GET],params=[],headers=[],consumes=[],produces=[],custom=[]}" onto public java.lang.String com.lt.crm.web.controller.MainController.main()
2016-03-24 11:45:42 [org.springframework.web.servlet.handler.AbstractHandlerMethodMapping:197] - Mapped "{[/user],methods=[GET],params=[],headers=[],consumes=[],produces=[],custom=[]}" onto public java.lang.String com.lt.crm.web.controller.MainController.user()
2016-03-24 11:45:42 [org.springframework.web.servlet.handler.AbstractHandlerMethodMapping:197] - Mapped "{[/user/list],methods=[],params=[],headers=[],consumes=[],produces=[],custom=[]}" onto public com.lt.crm.common.page.PageResp<com.lt.crm.model.User> com.lt.crm.web.controller.UserController.list(java.lang.Integer,java.lang.Integer)
2016-03-24 11:45:42 [org.springframework.web.servlet.handler.AbstractHandlerMethodMapping:197] - Mapped "{[/user/login],methods=[],params=[],headers=[],consumes=[],produces=[],custom=[]}" onto public com.lt.crm.common.resp.RespBody com.lt.crm.web.controller.UserController.login(javax.servlet.http.HttpSession,javax.servlet.http.HttpServletRequest,java.lang.String,java.lang.String)
2016-03-24 11:45:43 [org.springframework.web.servlet.handler.AbstractUrlHandlerMapping:315] - Mapped URL path [/**] onto handler 'org.springframework.web.servlet.resource.DefaultServletHttpRequestHandler#0'
2016-03-24 11:45:43 [org.springframework.web.servlet.handler.AbstractUrlHandlerMapping:315] - Mapped URL path [/static/**] onto handler 'org.springframework.web.servlet.resource.ResourceHttpRequestHandler#0'
2016-03-24 11:45:43 [org.springframework.web.servlet.handler.AbstractUrlHandlerMapping:302] - Root mapping to handler of type [class org.springframework.web.servlet.mvc.ParameterizableViewController]
2016-03-24 11:45:43 [org.springframework.web.servlet.FrameworkServlet:498] - FrameworkServlet 'springMVC': initialization completed in 1267 ms
2016-03-24 11:47:28 [org.springframework.web.context.ContextLoader:285] - Root WebApplicationContext: initialization started
2016-03-24 11:47:29 [org.springframework.context.support.AbstractApplicationContext:513] - Refreshing Root WebApplicationContext: startup date [Thu Mar 24 11:47:29 CST 2016]; root of context hierarchy
2016-03-24 11:47:29 [org.springframework.beans.factory.xml.XmlBeanDefinitionReader:316] - Loading XML bean definitions from class path resource [spring-root.xml]
2016-03-24 11:47:29 [org.springframework.core.io.support.PropertiesLoaderSupport:172] - Loading properties file from class path resource [jdbc.properties]
2016-03-24 11:47:29 [org.springframework.core.io.support.PropertiesLoaderSupport:172] - Loading properties file from class path resource [resources.properties]
2016-03-24 11:47:31 [org.springframework.web.context.ContextLoader:325] - Root WebApplicationContext: initialization completed in 2630 ms
2016-03-24 11:47:31 [org.springframework.web.servlet.FrameworkServlet:479] - FrameworkServlet 'springMVC': initialization started
2016-03-24 11:47:31 [org.springframework.context.support.AbstractApplicationContext:513] - Refreshing WebApplicationContext for namespace 'springMVC-servlet': startup date [Thu Mar 24 11:47:31 CST 2016]; parent: Root WebApplicationContext
2016-03-24 11:47:31 [org.springframework.beans.factory.xml.XmlBeanDefinitionReader:316] - Loading XML bean definitions from class path resource [spring-servlet.xml]
2016-03-24 11:47:32 [org.springframework.web.servlet.handler.AbstractHandlerMethodMapping:197] - Mapped "{[/main],methods=[GET],params=[],headers=[],consumes=[],produces=[],custom=[]}" onto public java.lang.String com.lt.crm.web.controller.MainController.main()
2016-03-24 11:47:32 [org.springframework.web.servlet.handler.AbstractHandlerMethodMapping:197] - Mapped "{[/user],methods=[GET],params=[],headers=[],consumes=[],produces=[],custom=[]}" onto public java.lang.String com.lt.crm.web.controller.MainController.user()
2016-03-24 11:47:32 [org.springframework.web.servlet.handler.AbstractHandlerMethodMapping:197] - Mapped "{[/user/list],methods=[],params=[],headers=[],consumes=[],produces=[],custom=[]}" onto public com.lt.crm.common.page.PageResp<com.lt.crm.model.User> com.lt.crm.web.controller.UserController.list(java.lang.Integer,java.lang.Integer)
2016-03-24 11:47:32 [org.springframework.web.servlet.handler.AbstractHandlerMethodMapping:197] - Mapped "{[/user/login],methods=[],params=[],headers=[],consumes=[],produces=[],custom=[]}" onto public com.lt.crm.common.resp.RespBody com.lt.crm.web.controller.UserController.login(javax.servlet.http.HttpSession,javax.servlet.http.HttpServletRequest,java.lang.String,java.lang.String)
2016-03-24 11:47:32 [org.springframework.web.servlet.handler.AbstractUrlHandlerMapping:315] - Mapped URL path [/**] onto handler 'org.springframework.web.servlet.resource.DefaultServletHttpRequestHandler#0'
2016-03-24 11:47:32 [org.springframework.web.servlet.handler.AbstractUrlHandlerMapping:315] - Mapped URL path [/static/**] onto handler 'org.springframework.web.servlet.resource.ResourceHttpRequestHandler#0'
2016-03-24 11:47:32 [org.springframework.web.servlet.handler.AbstractUrlHandlerMapping:302] - Root mapping to handler of type [class org.springframework.web.servlet.mvc.ParameterizableViewController]
2016-03-24 11:47:32 [org.springframework.web.servlet.FrameworkServlet:498] - FrameworkServlet 'springMVC': initialization completed in 1158 ms
2016-03-24 11:48:53 [org.springframework.web.context.ContextLoader:285] - Root WebApplicationContext: initialization started
2016-03-24 11:48:53 [org.springframework.context.support.AbstractApplicationContext:513] - Refreshing Root WebApplicationContext: startup date [Thu Mar 24 11:48:53 CST 2016]; root of context hierarchy
2016-03-24 11:48:53 [org.springframework.beans.factory.xml.XmlBeanDefinitionReader:316] - Loading XML bean definitions from class path resource [spring-root.xml]
2016-03-24 11:48:54 [org.springframework.core.io.support.PropertiesLoaderSupport:172] - Loading properties file from class path resource [jdbc.properties]
2016-03-24 11:48:54 [org.springframework.core.io.support.PropertiesLoaderSupport:172] - Loading properties file from class path resource [resources.properties]
2016-03-24 11:48:55 [org.springframework.web.context.ContextLoader:325] - Root WebApplicationContext: initialization completed in 2267 ms
2016-03-24 11:48:55 [org.springframework.web.servlet.FrameworkServlet:479] - FrameworkServlet 'springMVC': initialization started
2016-03-24 11:48:55 [org.springframework.context.support.AbstractApplicationContext:513] - Refreshing WebApplicationContext for namespace 'springMVC-servlet': startup date [Thu Mar 24 11:48:55 CST 2016]; parent: Root WebApplicationContext
2016-03-24 11:48:55 [org.springframework.beans.factory.xml.XmlBeanDefinitionReader:316] - Loading XML bean definitions from class path resource [spring-servlet.xml]
2016-03-24 11:48:55 [org.springframework.web.servlet.handler.AbstractHandlerMethodMapping:197] - Mapped "{[/main],methods=[GET],params=[],headers=[],consumes=[],produces=[],custom=[]}" onto public java.lang.String com.lt.crm.web.controller.MainController.main()
2016-03-24 11:48:55 [org.springframework.web.servlet.handler.AbstractHandlerMethodMapping:197] - Mapped "{[/user],methods=[GET],params=[],headers=[],consumes=[],produces=[],custom=[]}" onto public java.lang.String com.lt.crm.web.controller.MainController.user()
2016-03-24 11:48:55 [org.springframework.web.servlet.handler.AbstractHandlerMethodMapping:197] - Mapped "{[/user/list],methods=[],params=[],headers=[],consumes=[],produces=[],custom=[]}" onto public com.lt.crm.common.page.PageResp<com.lt.crm.model.User> com.lt.crm.web.controller.UserController.list(java.lang.Integer,java.lang.Integer)
2016-03-24 11:48:55 [org.springframework.web.servlet.handler.AbstractHandlerMethodMapping:197] - Mapped "{[/user/login],methods=[],params=[],headers=[],consumes=[],produces=[],custom=[]}" onto public com.lt.crm.common.resp.RespBody com.lt.crm.web.controller.UserController.login(javax.servlet.http.HttpSession,javax.servlet.http.HttpServletRequest,java.lang.String,java.lang.String)
2016-03-24 11:48:56 [org.springframework.web.servlet.handler.AbstractUrlHandlerMapping:315] - Mapped URL path [/**] onto handler 'org.springframework.web.servlet.resource.DefaultServletHttpRequestHandler#0'
2016-03-24 11:48:56 [org.springframework.web.servlet.handler.AbstractUrlHandlerMapping:315] - Mapped URL path [/static/**] onto handler 'org.springframework.web.servlet.resource.ResourceHttpRequestHandler#0'
2016-03-24 11:48:56 [org.springframework.web.servlet.handler.AbstractUrlHandlerMapping:302] - Root mapping to handler of type [class org.springframework.web.servlet.mvc.ParameterizableViewController]
2016-03-24 11:48:56 [org.springframework.web.servlet.FrameworkServlet:498] - FrameworkServlet 'springMVC': initialization completed in 1135 ms
2016-03-24 11:50:06 [org.springframework.web.context.ContextLoader:285] - Root WebApplicationContext: initialization started
2016-03-24 11:50:06 [org.springframework.context.support.AbstractApplicationContext:513] - Refreshing Root WebApplicationContext: startup date [Thu Mar 24 11:50:06 CST 2016]; root of context hierarchy
2016-03-24 11:50:06 [org.springframework.beans.factory.xml.XmlBeanDefinitionReader:316] - Loading XML bean definitions from class path resource [spring-root.xml]
2016-03-24 11:50:06 [org.springframework.core.io.support.PropertiesLoaderSupport:172] - Loading properties file from class path resource [jdbc.properties]
2016-03-24 11:50:06 [org.springframework.core.io.support.PropertiesLoaderSupport:172] - Loading properties file from class path resource [resources.properties]
2016-03-24 11:50:08 [org.springframework.web.context.ContextLoader:325] - Root WebApplicationContext: initialization completed in 2146 ms
2016-03-24 11:50:08 [org.springframework.web.servlet.FrameworkServlet:479] - FrameworkServlet 'springMVC': initialization started
2016-03-24 11:50:08 [org.springframework.context.support.AbstractApplicationContext:513] - Refreshing WebApplicationContext for namespace 'springMVC-servlet': startup date [Thu Mar 24 11:50:08 CST 2016]; parent: Root WebApplicationContext
2016-03-24 11:50:08 [org.springframework.beans.factory.xml.XmlBeanDefinitionReader:316] - Loading XML bean definitions from class path resource [spring-servlet.xml]
2016-03-24 11:50:08 [org.springframework.web.servlet.handler.AbstractHandlerMethodMapping:197] - Mapped "{[/main],methods=[GET],params=[],headers=[],consumes=[],produces=[],custom=[]}" onto public java.lang.String com.lt.crm.web.controller.MainController.main()
2016-03-24 11:50:08 [org.springframework.web.servlet.handler.AbstractHandlerMethodMapping:197] - Mapped "{[/user],methods=[GET],params=[],headers=[],consumes=[],produces=[],custom=[]}" onto public java.lang.String com.lt.crm.web.controller.MainController.user()
2016-03-24 11:50:08 [org.springframework.web.servlet.handler.AbstractHandlerMethodMapping:197] - Mapped "{[/user/list],methods=[],params=[],headers=[],consumes=[],produces=[],custom=[]}" onto public com.lt.crm.common.page.PageResp<com.lt.crm.model.User> com.lt.crm.web.controller.UserController.list(java.lang.Integer,java.lang.Integer)
2016-03-24 11:50:08 [org.springframework.web.servlet.handler.AbstractHandlerMethodMapping:197] - Mapped "{[/user/login],methods=[],params=[],headers=[],consumes=[],produces=[],custom=[]}" onto public com.lt.crm.common.resp.RespBody com.lt.crm.web.controller.UserController.login(javax.servlet.http.HttpSession,javax.servlet.http.HttpServletRequest,java.lang.String,java.lang.String)
2016-03-24 11:50:09 [org.springframework.web.servlet.handler.AbstractUrlHandlerMapping:315] - Mapped URL path [/**] onto handler 'org.springframework.web.servlet.resource.DefaultServletHttpRequestHandler#0'
2016-03-24 11:50:09 [org.springframework.web.servlet.handler.AbstractUrlHandlerMapping:315] - Mapped URL path [/static/**] onto handler 'org.springframework.web.servlet.resource.ResourceHttpRequestHandler#0'
2016-03-24 11:50:09 [org.springframework.web.servlet.handler.AbstractUrlHandlerMapping:302] - Root mapping to handler of type [class org.springframework.web.servlet.mvc.ParameterizableViewController]
2016-03-24 11:50:09 [org.springframework.web.servlet.FrameworkServlet:498] - FrameworkServlet 'springMVC': initialization completed in 1144 ms
2016-03-24 11:52:06 [org.springframework.web.context.ContextLoader:285] - Root WebApplicationContext: initialization started
2016-03-24 11:52:06 [org.springframework.context.support.AbstractApplicationContext:513] - Refreshing Root WebApplicationContext: startup date [Thu Mar 24 11:52:06 CST 2016]; root of context hierarchy
2016-03-24 11:52:06 [org.springframework.beans.factory.xml.XmlBeanDefinitionReader:316] - Loading XML bean definitions from class path resource [spring-root.xml]
2016-03-24 11:52:07 [org.springframework.core.io.support.PropertiesLoaderSupport:172] - Loading properties file from class path resource [jdbc.properties]
2016-03-24 11:52:07 [org.springframework.core.io.support.PropertiesLoaderSupport:172] - Loading properties file from class path resource [resources.properties]
2016-03-24 11:52:08 [org.springframework.web.context.ContextLoader:325] - Root WebApplicationContext: initialization completed in 2358 ms
2016-03-24 11:52:08 [org.springframework.web.servlet.FrameworkServlet:479] - FrameworkServlet 'springMVC': initialization started
2016-03-24 11:52:08 [org.springframework.context.support.AbstractApplicationContext:513] - Refreshing WebApplicationContext for namespace 'springMVC-servlet': startup date [Thu Mar 24 11:52:08 CST 2016]; parent: Root WebApplicationContext
2016-03-24 11:52:08 [org.springframework.beans.factory.xml.XmlBeanDefinitionReader:316] - Loading XML bean definitions from class path resource [spring-servlet.xml]
2016-03-24 11:52:09 [org.springframework.web.servlet.handler.AbstractHandlerMethodMapping:197] - Mapped "{[/main],methods=[GET],params=[],headers=[],consumes=[],produces=[],custom=[]}" onto public java.lang.String com.lt.crm.web.controller.MainController.main()
2016-03-24 11:52:09 [org.springframework.web.servlet.handler.AbstractHandlerMethodMapping:197] - Mapped "{[/user],methods=[GET],params=[],headers=[],consumes=[],produces=[],custom=[]}" onto public java.lang.String com.lt.crm.web.controller.MainController.user()
2016-03-24 11:52:09 [org.springframework.web.servlet.handler.AbstractHandlerMethodMapping:197] - Mapped "{[/user/list],methods=[],params=[],headers=[],consumes=[],produces=[],custom=[]}" onto public com.lt.crm.common.page.PageResp<com.lt.crm.model.User> com.lt.crm.web.controller.UserController.list(java.lang.Integer,java.lang.Integer)
2016-03-24 11:52:09 [org.springframework.web.servlet.handler.AbstractHandlerMethodMapping:197] - Mapped "{[/user/login],methods=[],params=[],headers=[],consumes=[],produces=[],custom=[]}" onto public com.lt.crm.common.resp.RespBody com.lt.crm.web.controller.UserController.login(javax.servlet.http.HttpSession,javax.servlet.http.HttpServletRequest,java.lang.String,java.lang.String)
2016-03-24 11:52:09 [org.springframework.web.servlet.handler.AbstractUrlHandlerMapping:315] - Mapped URL path [/**] onto handler 'org.springframework.web.servlet.resource.DefaultServletHttpRequestHandler#0'
2016-03-24 11:52:09 [org.springframework.web.servlet.handler.AbstractUrlHandlerMapping:315] - Mapped URL path [/static/**] onto handler 'org.springframework.web.servlet.resource.ResourceHttpRequestHandler#0'
2016-03-24 11:52:09 [org.springframework.web.servlet.handler.AbstractUrlHandlerMapping:302] - Root mapping to handler of type [class org.springframework.web.servlet.mvc.ParameterizableViewController]
2016-03-24 11:52:09 [org.springframework.web.servlet.FrameworkServlet:498] - FrameworkServlet 'springMVC': initialization completed in 1126 ms
