2016-03-22 15:34:28 [com.lt.crm.web.filter.Tes:11] - Test the MessageFormat for 1 to 2 endTo 3
2016-03-22 15:52:24 [org.springframework.web.context.ContextLoader:285] - Root WebApplicationContext: initialization started
2016-03-22 15:52:24 [org.springframework.context.support.AbstractApplicationContext:513] - Refreshing Root WebApplicationContext: startup date [Tue Mar 22 15:52:24 CST 2016]; root of context hierarchy
2016-03-22 15:52:25 [org.springframework.beans.factory.xml.XmlBeanDefinitionReader:316] - Loading XML bean definitions from class path resource [spring-root.xml]
2016-03-22 15:52:25 [org.springframework.core.io.support.PropertiesLoaderSupport:172] - Loading properties file from class path resource [jdbc.properties]
2016-03-22 15:52:25 [org.springframework.core.io.support.PropertiesLoaderSupport:172] - Loading properties file from class path resource [resources.properties]
2016-03-22 15:52:26 [org.springframework.web.context.ContextLoader:325] - Root WebApplicationContext: initialization completed in 2077 ms
2016-03-22 15:52:26 [org.springframework.web.servlet.FrameworkServlet:479] - FrameworkServlet 'springMVC': initialization started
2016-03-22 15:52:26 [org.springframework.context.support.AbstractApplicationContext:513] - Refreshing WebApplicationContext for namespace 'springMVC-servlet': startup date [Tue Mar 22 15:52:26 CST 2016]; parent: Root WebApplicationContext
2016-03-22 15:52:26 [org.springframework.beans.factory.xml.XmlBeanDefinitionReader:316] - Loading XML bean definitions from class path resource [spring-servlet.xml]
2016-03-22 15:52:27 [org.springframework.web.servlet.handler.AbstractHandlerMethodMapping:197] - Mapped "{[/main],methods=[POST],params=[],headers=[],consumes=[],produces=[],custom=[]}" onto public org.springframework.web.servlet.ModelAndView com.lt.crm.web.controller.MainController.main()
2016-03-22 15:52:27 [org.springframework.web.servlet.handler.AbstractHandlerMethodMapping:197] - Mapped "{[/user/login],methods=[],params=[],headers=[],consumes=[],produces=[],custom=[]}" onto public com.lt.crm.common.util.resp.RespObject com.lt.crm.web.controller.UserController.login(java.lang.String,java.lang.String)
2016-03-22 15:52:27 [org.springframework.web.servlet.handler.AbstractUrlHandlerMapping:315] - Mapped URL path [/**] onto handler 'org.springframework.web.servlet.resource.DefaultServletHttpRequestHandler#0'
2016-03-22 15:52:28 [org.springframework.web.servlet.handler.AbstractUrlHandlerMapping:315] - Mapped URL path [/static/**] onto handler 'org.springframework.web.servlet.resource.ResourceHttpRequestHandler#0'
2016-03-22 15:52:28 [org.springframework.web.servlet.handler.AbstractUrlHandlerMapping:302] - Root mapping to handler of type [class org.springframework.web.servlet.mvc.ParameterizableViewController]
2016-03-22 15:52:28 [org.springframework.web.servlet.FrameworkServlet:498] - FrameworkServlet 'springMVC': initialization completed in 1117 ms
2016-03-22 15:55:32 [org.springframework.web.context.ContextLoader:285] - Root WebApplicationContext: initialization started
2016-03-22 15:55:32 [org.springframework.context.support.AbstractApplicationContext:513] - Refreshing Root WebApplicationContext: startup date [Tue Mar 22 15:55:32 CST 2016]; root of context hierarchy
2016-03-22 15:55:32 [org.springframework.beans.factory.xml.XmlBeanDefinitionReader:316] - Loading XML bean definitions from class path resource [spring-root.xml]
2016-03-22 15:55:33 [org.springframework.core.io.support.PropertiesLoaderSupport:172] - Loading properties file from class path resource [jdbc.properties]
2016-03-22 15:55:33 [org.springframework.core.io.support.PropertiesLoaderSupport:172] - Loading properties file from class path resource [resources.properties]
2016-03-22 15:55:35 [org.springframework.web.context.ContextLoader:325] - Root WebApplicationContext: initialization completed in 2760 ms
2016-03-22 15:55:35 [org.springframework.web.servlet.FrameworkServlet:479] - FrameworkServlet 'springMVC': initialization started
2016-03-22 15:55:35 [org.springframework.context.support.AbstractApplicationContext:513] - Refreshing WebApplicationContext for namespace 'springMVC-servlet': startup date [Tue Mar 22 15:55:35 CST 2016]; parent: Root WebApplicationContext
2016-03-22 15:55:35 [org.springframework.beans.factory.xml.XmlBeanDefinitionReader:316] - Loading XML bean definitions from class path resource [spring-servlet.xml]
2016-03-22 15:55:35 [org.springframework.web.servlet.handler.AbstractHandlerMethodMapping:197] - Mapped "{[/main],methods=[POST],params=[],headers=[],consumes=[],produces=[],custom=[]}" onto public org.springframework.web.servlet.ModelAndView com.lt.crm.web.controller.MainController.main()
2016-03-22 15:55:35 [org.springframework.web.servlet.handler.AbstractHandlerMethodMapping:197] - Mapped "{[/user/login],methods=[],params=[],headers=[],consumes=[],produces=[],custom=[]}" onto public com.lt.crm.common.util.resp.RespObject com.lt.crm.web.controller.UserController.login(java.lang.String,java.lang.String)
2016-03-22 15:55:36 [org.springframework.web.servlet.handler.AbstractUrlHandlerMapping:315] - Mapped URL path [/**] onto handler 'org.springframework.web.servlet.resource.DefaultServletHttpRequestHandler#0'
2016-03-22 15:55:36 [org.springframework.web.servlet.handler.AbstractUrlHandlerMapping:315] - Mapped URL path [/static/**] onto handler 'org.springframework.web.servlet.resource.ResourceHttpRequestHandler#0'
2016-03-22 15:55:36 [org.springframework.web.servlet.handler.AbstractUrlHandlerMapping:302] - Root mapping to handler of type [class org.springframework.web.servlet.mvc.ParameterizableViewController]
2016-03-22 15:55:36 [org.springframework.web.servlet.FrameworkServlet:498] - FrameworkServlet 'springMVC': initialization completed in 1249 ms
2016-03-22 15:58:37 [org.springframework.web.context.ContextLoader:285] - Root WebApplicationContext: initialization started
2016-03-22 15:58:37 [org.springframework.context.support.AbstractApplicationContext:513] - Refreshing Root WebApplicationContext: startup date [Tue Mar 22 15:58:37 CST 2016]; root of context hierarchy
2016-03-22 15:58:37 [org.springframework.beans.factory.xml.XmlBeanDefinitionReader:316] - Loading XML bean definitions from class path resource [spring-root.xml]
2016-03-22 15:58:38 [org.springframework.core.io.support.PropertiesLoaderSupport:172] - Loading properties file from class path resource [jdbc.properties]
2016-03-22 15:58:38 [org.springframework.core.io.support.PropertiesLoaderSupport:172] - Loading properties file from class path resource [resources.properties]
2016-03-22 15:58:39 [org.springframework.web.context.ContextLoader:325] - Root WebApplicationContext: initialization completed in 2431 ms
2016-03-22 15:58:40 [org.springframework.web.servlet.FrameworkServlet:479] - FrameworkServlet 'springMVC': initialization started
2016-03-22 15:58:40 [org.springframework.context.support.AbstractApplicationContext:513] - Refreshing WebApplicationContext for namespace 'springMVC-servlet': startup date [Tue Mar 22 15:58:40 CST 2016]; parent: Root WebApplicationContext
2016-03-22 15:58:40 [org.springframework.beans.factory.xml.XmlBeanDefinitionReader:316] - Loading XML bean definitions from class path resource [spring-servlet.xml]
2016-03-22 15:58:40 [org.springframework.web.servlet.handler.AbstractHandlerMethodMapping:197] - Mapped "{[/main],methods=[POST],params=[],headers=[],consumes=[],produces=[],custom=[]}" onto public org.springframework.web.servlet.ModelAndView com.lt.crm.web.controller.MainController.main()
2016-03-22 15:58:40 [org.springframework.web.servlet.handler.AbstractHandlerMethodMapping:197] - Mapped "{[/user/login],methods=[],params=[],headers=[],consumes=[],produces=[],custom=[]}" onto public com.lt.crm.common.util.resp.RespObject com.lt.crm.web.controller.UserController.login(java.lang.String,java.lang.String)
2016-03-22 15:58:41 [org.springframework.web.servlet.handler.AbstractUrlHandlerMapping:315] - Mapped URL path [/**] onto handler 'org.springframework.web.servlet.resource.DefaultServletHttpRequestHandler#0'
2016-03-22 15:58:41 [org.springframework.web.servlet.handler.AbstractUrlHandlerMapping:315] - Mapped URL path [/static/**] onto handler 'org.springframework.web.servlet.resource.ResourceHttpRequestHandler#0'
2016-03-22 15:58:41 [org.springframework.web.servlet.handler.AbstractUrlHandlerMapping:302] - Root mapping to handler of type [class org.springframework.web.servlet.mvc.ParameterizableViewController]
2016-03-22 15:58:41 [org.springframework.web.servlet.FrameworkServlet:498] - FrameworkServlet 'springMVC': initialization completed in 1166 ms
2016-03-22 16:53:50 [org.springframework.web.context.ContextLoader:285] - Root WebApplicationContext: initialization started
2016-03-22 16:53:50 [org.springframework.context.support.AbstractApplicationContext:513] - Refreshing Root WebApplicationContext: startup date [Tue Mar 22 16:53:50 CST 2016]; root of context hierarchy
2016-03-22 16:53:51 [org.springframework.beans.factory.xml.XmlBeanDefinitionReader:316] - Loading XML bean definitions from class path resource [spring-root.xml]
2016-03-22 16:53:51 [org.springframework.core.io.support.PropertiesLoaderSupport:172] - Loading properties file from class path resource [jdbc.properties]
2016-03-22 16:53:51 [org.springframework.core.io.support.PropertiesLoaderSupport:172] - Loading properties file from class path resource [resources.properties]
2016-03-22 16:53:52 [org.springframework.web.context.ContextLoader:325] - Root WebApplicationContext: initialization completed in 2083 ms
2016-03-22 16:53:52 [org.springframework.web.servlet.FrameworkServlet:479] - FrameworkServlet 'springMVC': initialization started
2016-03-22 16:53:53 [org.springframework.context.support.AbstractApplicationContext:513] - Refreshing WebApplicationContext for namespace 'springMVC-servlet': startup date [Tue Mar 22 16:53:53 CST 2016]; parent: Root WebApplicationContext
2016-03-22 16:53:53 [org.springframework.beans.factory.xml.XmlBeanDefinitionReader:316] - Loading XML bean definitions from class path resource [spring-servlet.xml]
2016-03-22 16:53:53 [org.springframework.web.servlet.handler.AbstractHandlerMethodMapping:197] - Mapped "{[/main],methods=[POST],params=[],headers=[],consumes=[],produces=[],custom=[]}" onto public org.springframework.web.servlet.ModelAndView com.lt.crm.web.controller.MainController.main()
2016-03-22 16:53:53 [org.springframework.web.servlet.handler.AbstractHandlerMethodMapping:197] - Mapped "{[/user/login],methods=[],params=[],headers=[],consumes=[],produces=[],custom=[]}" onto public com.lt.crm.common.util.resp.RespBody com.lt.crm.web.controller.UserController.login(java.lang.String,java.lang.String)
2016-03-22 16:53:54 [org.springframework.web.servlet.handler.AbstractUrlHandlerMapping:315] - Mapped URL path [/**] onto handler 'org.springframework.web.servlet.resource.DefaultServletHttpRequestHandler#0'
2016-03-22 16:53:54 [org.springframework.web.servlet.handler.AbstractUrlHandlerMapping:315] - Mapped URL path [/static/**] onto handler 'org.springframework.web.servlet.resource.ResourceHttpRequestHandler#0'
2016-03-22 16:53:54 [org.springframework.web.servlet.handler.AbstractUrlHandlerMapping:302] - Root mapping to handler of type [class org.springframework.web.servlet.mvc.ParameterizableViewController]
2016-03-22 16:53:54 [org.springframework.web.servlet.FrameworkServlet:498] - FrameworkServlet 'springMVC': initialization completed in 1111 ms
2016-03-22 17:18:37 [org.springframework.web.context.ContextLoader:285] - Root WebApplicationContext: initialization started
2016-03-22 17:18:37 [org.springframework.context.support.AbstractApplicationContext:513] - Refreshing Root WebApplicationContext: startup date [Tue Mar 22 17:18:37 CST 2016]; root of context hierarchy
2016-03-22 17:18:37 [org.springframework.beans.factory.xml.XmlBeanDefinitionReader:316] - Loading XML bean definitions from class path resource [spring-root.xml]
2016-03-22 17:18:38 [org.springframework.core.io.support.PropertiesLoaderSupport:172] - Loading properties file from class path resource [jdbc.properties]
2016-03-22 17:18:38 [org.springframework.core.io.support.PropertiesLoaderSupport:172] - Loading properties file from class path resource [resources.properties]
2016-03-22 17:18:39 [org.springframework.web.context.ContextLoader:325] - Root WebApplicationContext: initialization completed in 2082 ms
2016-03-22 17:18:39 [org.springframework.web.servlet.FrameworkServlet:479] - FrameworkServlet 'springMVC': initialization started
2016-03-22 17:18:39 [org.springframework.context.support.AbstractApplicationContext:513] - Refreshing WebApplicationContext for namespace 'springMVC-servlet': startup date [Tue Mar 22 17:18:39 CST 2016]; parent: Root WebApplicationContext
2016-03-22 17:18:39 [org.springframework.beans.factory.xml.XmlBeanDefinitionReader:316] - Loading XML bean definitions from class path resource [spring-servlet.xml]
2016-03-22 17:18:40 [org.springframework.web.servlet.handler.AbstractHandlerMethodMapping:197] - Mapped "{[/main],methods=[POST],params=[],headers=[],consumes=[],produces=[],custom=[]}" onto public org.springframework.web.servlet.ModelAndView com.lt.crm.web.controller.MainController.main()
2016-03-22 17:18:40 [org.springframework.web.servlet.handler.AbstractHandlerMethodMapping:197] - Mapped "{[/user/login],methods=[],params=[],headers=[],consumes=[],produces=[],custom=[]}" onto public com.lt.crm.common.util.resp.RespBody com.lt.crm.web.controller.UserController.login(java.lang.String,java.lang.String)
2016-03-22 17:18:40 [org.springframework.web.servlet.handler.AbstractUrlHandlerMapping:315] - Mapped URL path [/**] onto handler 'org.springframework.web.servlet.resource.DefaultServletHttpRequestHandler#0'
2016-03-22 17:18:40 [org.springframework.web.servlet.handler.AbstractUrlHandlerMapping:315] - Mapped URL path [/static/**] onto handler 'org.springframework.web.servlet.resource.ResourceHttpRequestHandler#0'
2016-03-22 17:18:40 [org.springframework.web.servlet.handler.AbstractUrlHandlerMapping:302] - Root mapping to handler of type [class org.springframework.web.servlet.mvc.ParameterizableViewController]
2016-03-22 17:18:40 [org.springframework.web.servlet.FrameworkServlet:498] - FrameworkServlet 'springMVC': initialization completed in 1094 ms
2016-03-22 17:28:09 [org.springframework.web.context.ContextLoader:285] - Root WebApplicationContext: initialization started
2016-03-22 17:28:09 [org.springframework.context.support.AbstractApplicationContext:513] - Refreshing Root WebApplicationContext: startup date [Tue Mar 22 17:28:09 CST 2016]; root of context hierarchy
2016-03-22 17:28:09 [org.springframework.beans.factory.xml.XmlBeanDefinitionReader:316] - Loading XML bean definitions from class path resource [spring-root.xml]
2016-03-22 17:28:09 [org.springframework.core.io.support.PropertiesLoaderSupport:172] - Loading properties file from class path resource [jdbc.properties]
2016-03-22 17:28:09 [org.springframework.core.io.support.PropertiesLoaderSupport:172] - Loading properties file from class path resource [resources.properties]
2016-03-22 17:28:11 [org.springframework.web.context.ContextLoader:325] - Root WebApplicationContext: initialization completed in 2172 ms
2016-03-22 17:28:11 [org.springframework.web.servlet.FrameworkServlet:479] - FrameworkServlet 'springMVC': initialization started
2016-03-22 17:28:11 [org.springframework.context.support.AbstractApplicationContext:513] - Refreshing WebApplicationContext for namespace 'springMVC-servlet': startup date [Tue Mar 22 17:28:11 CST 2016]; parent: Root WebApplicationContext
2016-03-22 17:28:11 [org.springframework.beans.factory.xml.XmlBeanDefinitionReader:316] - Loading XML bean definitions from class path resource [spring-servlet.xml]
2016-03-22 17:28:11 [org.springframework.web.servlet.handler.AbstractHandlerMethodMapping:197] - Mapped "{[/main],methods=[GET],params=[],headers=[],consumes=[],produces=[],custom=[]}" onto public org.springframework.web.servlet.ModelAndView com.lt.crm.web.controller.MainController.main()
2016-03-22 17:28:11 [org.springframework.web.servlet.handler.AbstractHandlerMethodMapping:197] - Mapped "{[/user/login],methods=[],params=[],headers=[],consumes=[],produces=[],custom=[]}" onto public com.lt.crm.common.util.resp.RespBody com.lt.crm.web.controller.UserController.login(java.lang.String,java.lang.String)
2016-03-22 17:28:12 [org.springframework.web.servlet.handler.AbstractUrlHandlerMapping:315] - Mapped URL path [/**] onto handler 'org.springframework.web.servlet.resource.DefaultServletHttpRequestHandler#0'
2016-03-22 17:28:12 [org.springframework.web.servlet.handler.AbstractUrlHandlerMapping:315] - Mapped URL path [/static/**] onto handler 'org.springframework.web.servlet.resource.ResourceHttpRequestHandler#0'
2016-03-22 17:28:12 [org.springframework.web.servlet.handler.AbstractUrlHandlerMapping:302] - Root mapping to handler of type [class org.springframework.web.servlet.mvc.ParameterizableViewController]
2016-03-22 17:28:12 [org.springframework.web.servlet.FrameworkServlet:498] - FrameworkServlet 'springMVC': initialization completed in 1164 ms
