2016-03-25 09:21:12 [org.springframework.web.context.ContextLoader:285] - Root WebApplicationContext: initialization started
2016-03-25 09:21:12 [org.springframework.context.support.AbstractApplicationContext:513] - Refreshing Root WebApplicationContext: startup date [Fri Mar 25 09:21:12 CST 2016]; root of context hierarchy
2016-03-25 09:21:12 [org.springframework.beans.factory.xml.XmlBeanDefinitionReader:316] - Loading XML bean definitions from class path resource [spring-root.xml]
2016-03-25 09:21:13 [org.springframework.core.io.support.PropertiesLoaderSupport:172] - Loading properties file from class path resource [jdbc.properties]
2016-03-25 09:21:13 [org.springframework.core.io.support.PropertiesLoaderSupport:172] - Loading properties file from class path resource [resources.properties]
2016-03-25 09:21:15 [org.springframework.web.context.ContextLoader:325] - Root WebApplicationContext: initialization completed in 2584 ms
2016-03-25 09:21:15 [org.springframework.web.servlet.FrameworkServlet:479] - FrameworkServlet 'springMVC': initialization started
2016-03-25 09:21:15 [org.springframework.context.support.AbstractApplicationContext:513] - Refreshing WebApplicationContext for namespace 'springMVC-servlet': startup date [Fri Mar 25 09:21:15 CST 2016]; parent: Root WebApplicationContext
2016-03-25 09:21:15 [org.springframework.beans.factory.xml.XmlBeanDefinitionReader:316] - Loading XML bean definitions from class path resource [spring-servlet.xml]
2016-03-25 09:21:15 [org.springframework.web.servlet.handler.AbstractHandlerMethodMapping:197] - Mapped "{[/main],methods=[GET],params=[],headers=[],consumes=[],produces=[],custom=[]}" onto public java.lang.String com.lt.crm.web.controller.MainController.main()
2016-03-25 09:21:15 [org.springframework.web.servlet.handler.AbstractHandlerMethodMapping:197] - Mapped "{[/user],methods=[GET],params=[],headers=[],consumes=[],produces=[],custom=[]}" onto public java.lang.String com.lt.crm.web.controller.MainController.user()
2016-03-25 09:21:15 [org.springframework.web.servlet.handler.AbstractHandlerMethodMapping:197] - Mapped "{[/user/list],methods=[],params=[],headers=[],consumes=[],produces=[],custom=[]}" onto public com.lt.crm.common.page.PageResp<com.lt.crm.model.User> com.lt.crm.web.controller.UserController.list(java.lang.Integer,java.lang.Integer)
2016-03-25 09:21:15 [org.springframework.web.servlet.handler.AbstractHandlerMethodMapping:197] - Mapped "{[/user/login],methods=[],params=[],headers=[],consumes=[],produces=[],custom=[]}" onto public com.lt.crm.common.resp.RespBody com.lt.crm.web.controller.UserController.login(javax.servlet.http.HttpSession,javax.servlet.http.HttpServletRequest,java.lang.String,java.lang.String)
2016-03-25 09:21:16 [org.springframework.web.servlet.handler.AbstractUrlHandlerMapping:315] - Mapped URL path [/**] onto handler 'org.springframework.web.servlet.resource.DefaultServletHttpRequestHandler#0'
2016-03-25 09:21:16 [org.springframework.web.servlet.handler.AbstractUrlHandlerMapping:315] - Mapped URL path [/static/**] onto handler 'org.springframework.web.servlet.resource.ResourceHttpRequestHandler#0'
2016-03-25 09:21:16 [org.springframework.web.servlet.handler.AbstractUrlHandlerMapping:302] - Root mapping to handler of type [class org.springframework.web.servlet.mvc.ParameterizableViewController]
2016-03-25 09:21:16 [org.springframework.web.servlet.FrameworkServlet:498] - FrameworkServlet 'springMVC': initialization completed in 997 ms
2016-03-25 14:49:46 [org.springframework.web.context.ContextLoader:285] - Root WebApplicationContext: initialization started
2016-03-25 14:49:46 [org.springframework.context.support.AbstractApplicationContext:513] - Refreshing Root WebApplicationContext: startup date [Fri Mar 25 14:49:46 CST 2016]; root of context hierarchy
2016-03-25 14:49:46 [org.springframework.beans.factory.xml.XmlBeanDefinitionReader:316] - Loading XML bean definitions from class path resource [spring-root.xml]
2016-03-25 14:49:47 [org.springframework.core.io.support.PropertiesLoaderSupport:172] - Loading properties file from class path resource [jdbc.properties]
2016-03-25 14:49:47 [org.springframework.core.io.support.PropertiesLoaderSupport:172] - Loading properties file from class path resource [resources.properties]
2016-03-25 14:49:48 [org.springframework.web.context.ContextLoader:325] - Root WebApplicationContext: initialization completed in 2043 ms
2016-03-25 14:49:48 [org.springframework.web.servlet.FrameworkServlet:479] - FrameworkServlet 'springMVC': initialization started
2016-03-25 14:49:48 [org.springframework.context.support.AbstractApplicationContext:513] - Refreshing WebApplicationContext for namespace 'springMVC-servlet': startup date [Fri Mar 25 14:49:48 CST 2016]; parent: Root WebApplicationContext
2016-03-25 14:49:48 [org.springframework.beans.factory.xml.XmlBeanDefinitionReader:316] - Loading XML bean definitions from class path resource [spring-servlet.xml]
2016-03-25 14:49:49 [org.springframework.web.servlet.handler.AbstractHandlerMethodMapping:197] - Mapped "{[/main],methods=[GET],params=[],headers=[],consumes=[],produces=[],custom=[]}" onto public java.lang.String com.lt.crm.web.controller.MainController.main()
2016-03-25 14:49:49 [org.springframework.web.servlet.handler.AbstractHandlerMethodMapping:197] - Mapped "{[/user],methods=[GET],params=[],headers=[],consumes=[],produces=[],custom=[]}" onto public java.lang.String com.lt.crm.web.controller.MainController.user()
2016-03-25 14:49:49 [org.springframework.web.servlet.handler.AbstractHandlerMethodMapping:197] - Mapped "{[/user/list],methods=[],params=[],headers=[],consumes=[],produces=[],custom=[]}" onto public com.lt.crm.common.page.PageResp<com.lt.crm.model.User> com.lt.crm.web.controller.UserController.list(java.lang.Integer,java.lang.Integer)
2016-03-25 14:49:49 [org.springframework.web.servlet.handler.AbstractHandlerMethodMapping:197] - Mapped "{[/user/save],methods=[],params=[],headers=[],consumes=[],produces=[],custom=[]}" onto public com.lt.crm.common.resp.RespBody com.lt.crm.web.controller.UserController.save(com.lt.crm.model.User)
2016-03-25 14:49:49 [org.springframework.web.servlet.handler.AbstractHandlerMethodMapping:197] - Mapped "{[/user/login],methods=[],params=[],headers=[],consumes=[],produces=[],custom=[]}" onto public com.lt.crm.common.resp.RespBody com.lt.crm.web.controller.UserController.login(javax.servlet.http.HttpSession,javax.servlet.http.HttpServletRequest,java.lang.String,java.lang.String)
2016-03-25 14:49:49 [org.springframework.web.servlet.handler.AbstractUrlHandlerMapping:315] - Mapped URL path [/**] onto handler 'org.springframework.web.servlet.resource.DefaultServletHttpRequestHandler#0'
2016-03-25 14:49:49 [org.springframework.web.servlet.handler.AbstractUrlHandlerMapping:315] - Mapped URL path [/static/**] onto handler 'org.springframework.web.servlet.resource.ResourceHttpRequestHandler#0'
2016-03-25 14:49:49 [org.springframework.web.servlet.handler.AbstractUrlHandlerMapping:302] - Root mapping to handler of type [class org.springframework.web.servlet.mvc.ParameterizableViewController]
2016-03-25 14:49:49 [org.springframework.web.servlet.FrameworkServlet:498] - FrameworkServlet 'springMVC': initialization completed in 1124 ms
2016-03-25 15:20:14 [org.springframework.web.context.ContextLoader:285] - Root WebApplicationContext: initialization started
2016-03-25 15:20:14 [org.springframework.context.support.AbstractApplicationContext:513] - Refreshing Root WebApplicationContext: startup date [Fri Mar 25 15:20:14 CST 2016]; root of context hierarchy
2016-03-25 15:20:14 [org.springframework.beans.factory.xml.XmlBeanDefinitionReader:316] - Loading XML bean definitions from class path resource [spring-root.xml]
2016-03-25 15:20:15 [org.springframework.core.io.support.PropertiesLoaderSupport:172] - Loading properties file from class path resource [jdbc.properties]
2016-03-25 15:20:15 [org.springframework.core.io.support.PropertiesLoaderSupport:172] - Loading properties file from class path resource [resources.properties]
2016-03-25 15:20:16 [org.springframework.web.context.ContextLoader:325] - Root WebApplicationContext: initialization completed in 2323 ms
2016-03-25 15:20:17 [org.springframework.web.servlet.FrameworkServlet:479] - FrameworkServlet 'springMVC': initialization started
2016-03-25 15:20:17 [org.springframework.context.support.AbstractApplicationContext:513] - Refreshing WebApplicationContext for namespace 'springMVC-servlet': startup date [Fri Mar 25 15:20:17 CST 2016]; parent: Root WebApplicationContext
2016-03-25 15:20:17 [org.springframework.beans.factory.xml.XmlBeanDefinitionReader:316] - Loading XML bean definitions from class path resource [spring-servlet.xml]
2016-03-25 15:20:17 [org.springframework.web.servlet.handler.AbstractHandlerMethodMapping:197] - Mapped "{[/main],methods=[GET],params=[],headers=[],consumes=[],produces=[],custom=[]}" onto public java.lang.String com.lt.crm.web.controller.MainController.main()
2016-03-25 15:20:17 [org.springframework.web.servlet.handler.AbstractHandlerMethodMapping:197] - Mapped "{[/user],methods=[GET],params=[],headers=[],consumes=[],produces=[],custom=[]}" onto public java.lang.String com.lt.crm.web.controller.MainController.user()
2016-03-25 15:20:17 [org.springframework.web.servlet.handler.AbstractHandlerMethodMapping:197] - Mapped "{[/user/list],methods=[],params=[],headers=[],consumes=[],produces=[],custom=[]}" onto public com.lt.crm.common.page.PageResp<com.lt.crm.model.User> com.lt.crm.web.controller.UserController.list(java.lang.Integer,java.lang.Integer)
2016-03-25 15:20:17 [org.springframework.web.servlet.handler.AbstractHandlerMethodMapping:197] - Mapped "{[/user/save],methods=[],params=[],headers=[],consumes=[],produces=[],custom=[]}" onto public com.lt.crm.common.resp.RespBody com.lt.crm.web.controller.UserController.save(com.lt.crm.model.User)
2016-03-25 15:20:17 [org.springframework.web.servlet.handler.AbstractHandlerMethodMapping:197] - Mapped "{[/user/login],methods=[],params=[],headers=[],consumes=[],produces=[],custom=[]}" onto public com.lt.crm.common.resp.RespBody com.lt.crm.web.controller.UserController.login(javax.servlet.http.HttpSession,javax.servlet.http.HttpServletRequest,java.lang.String,java.lang.String)
2016-03-25 15:20:18 [org.springframework.web.servlet.handler.AbstractUrlHandlerMapping:315] - Mapped URL path [/**] onto handler 'org.springframework.web.servlet.resource.DefaultServletHttpRequestHandler#0'
2016-03-25 15:20:18 [org.springframework.web.servlet.handler.AbstractUrlHandlerMapping:315] - Mapped URL path [/static/**] onto handler 'org.springframework.web.servlet.resource.ResourceHttpRequestHandler#0'
2016-03-25 15:20:18 [org.springframework.web.servlet.handler.AbstractUrlHandlerMapping:302] - Root mapping to handler of type [class org.springframework.web.servlet.mvc.ParameterizableViewController]
2016-03-25 15:20:18 [org.springframework.web.servlet.FrameworkServlet:498] - FrameworkServlet 'springMVC': initialization completed in 1173 ms
2016-03-25 15:39:08 [org.springframework.web.context.ContextLoader:285] - Root WebApplicationContext: initialization started
2016-03-25 15:39:08 [org.springframework.context.support.AbstractApplicationContext:513] - Refreshing Root WebApplicationContext: startup date [Fri Mar 25 15:39:08 CST 2016]; root of context hierarchy
2016-03-25 15:39:08 [org.springframework.beans.factory.xml.XmlBeanDefinitionReader:316] - Loading XML bean definitions from class path resource [spring-root.xml]
2016-03-25 15:39:09 [org.springframework.core.io.support.PropertiesLoaderSupport:172] - Loading properties file from class path resource [jdbc.properties]
2016-03-25 15:39:09 [org.springframework.core.io.support.PropertiesLoaderSupport:172] - Loading properties file from class path resource [resources.properties]
2016-03-25 15:39:10 [org.springframework.web.context.ContextLoader:325] - Root WebApplicationContext: initialization completed in 2341 ms
2016-03-25 15:39:10 [org.springframework.web.servlet.FrameworkServlet:479] - FrameworkServlet 'springMVC': initialization started
2016-03-25 15:39:10 [org.springframework.context.support.AbstractApplicationContext:513] - Refreshing WebApplicationContext for namespace 'springMVC-servlet': startup date [Fri Mar 25 15:39:10 CST 2016]; parent: Root WebApplicationContext
2016-03-25 15:39:10 [org.springframework.beans.factory.xml.XmlBeanDefinitionReader:316] - Loading XML bean definitions from class path resource [spring-servlet.xml]
2016-03-25 15:39:11 [org.springframework.web.servlet.handler.AbstractHandlerMethodMapping:197] - Mapped "{[/main],methods=[GET],params=[],headers=[],consumes=[],produces=[],custom=[]}" onto public java.lang.String com.lt.crm.web.controller.MainController.main()
2016-03-25 15:39:11 [org.springframework.web.servlet.handler.AbstractHandlerMethodMapping:197] - Mapped "{[/user],methods=[GET],params=[],headers=[],consumes=[],produces=[],custom=[]}" onto public java.lang.String com.lt.crm.web.controller.MainController.user()
2016-03-25 15:39:11 [org.springframework.web.servlet.handler.AbstractHandlerMethodMapping:197] - Mapped "{[/user/list],methods=[],params=[],headers=[],consumes=[],produces=[],custom=[]}" onto public com.lt.crm.common.page.PageResp<com.lt.crm.model.User> com.lt.crm.web.controller.UserController.list(java.lang.Integer,java.lang.Integer)
2016-03-25 15:39:11 [org.springframework.web.servlet.handler.AbstractHandlerMethodMapping:197] - Mapped "{[/user/save],methods=[],params=[],headers=[],consumes=[],produces=[],custom=[]}" onto public com.lt.crm.common.resp.RespBody com.lt.crm.web.controller.UserController.save(com.lt.crm.model.User,javax.servlet.http.HttpServletRequest)
2016-03-25 15:39:11 [org.springframework.web.servlet.handler.AbstractHandlerMethodMapping:197] - Mapped "{[/user/login],methods=[],params=[],headers=[],consumes=[],produces=[],custom=[]}" onto public com.lt.crm.common.resp.RespBody com.lt.crm.web.controller.UserController.login(javax.servlet.http.HttpSession,javax.servlet.http.HttpServletRequest,java.lang.String,java.lang.String)
2016-03-25 15:39:12 [org.springframework.web.servlet.handler.AbstractUrlHandlerMapping:315] - Mapped URL path [/**] onto handler 'org.springframework.web.servlet.resource.DefaultServletHttpRequestHandler#0'
2016-03-25 15:39:12 [org.springframework.web.servlet.handler.AbstractUrlHandlerMapping:315] - Mapped URL path [/static/**] onto handler 'org.springframework.web.servlet.resource.ResourceHttpRequestHandler#0'
2016-03-25 15:39:12 [org.springframework.web.servlet.handler.AbstractUrlHandlerMapping:302] - Root mapping to handler of type [class org.springframework.web.servlet.mvc.ParameterizableViewController]
2016-03-25 15:39:12 [org.springframework.web.servlet.FrameworkServlet:498] - FrameworkServlet 'springMVC': initialization completed in 1286 ms
2016-03-25 17:00:56 [org.springframework.web.context.ContextLoader:285] - Root WebApplicationContext: initialization started
2016-03-25 17:00:56 [org.springframework.context.support.AbstractApplicationContext:513] - Refreshing Root WebApplicationContext: startup date [Fri Mar 25 17:00:56 CST 2016]; root of context hierarchy
2016-03-25 17:00:56 [org.springframework.beans.factory.xml.XmlBeanDefinitionReader:316] - Loading XML bean definitions from class path resource [spring-root.xml]
2016-03-25 17:00:57 [org.springframework.core.io.support.PropertiesLoaderSupport:172] - Loading properties file from class path resource [jdbc.properties]
2016-03-25 17:00:57 [org.springframework.core.io.support.PropertiesLoaderSupport:172] - Loading properties file from class path resource [resources.properties]
2016-03-25 17:00:59 [org.springframework.web.context.ContextLoader:325] - Root WebApplicationContext: initialization completed in 3503 ms
2016-03-25 17:00:59 [org.springframework.web.servlet.FrameworkServlet:479] - FrameworkServlet 'springMVC': initialization started
2016-03-25 17:00:59 [org.springframework.context.support.AbstractApplicationContext:513] - Refreshing WebApplicationContext for namespace 'springMVC-servlet': startup date [Fri Mar 25 17:00:59 CST 2016]; parent: Root WebApplicationContext
2016-03-25 17:00:59 [org.springframework.beans.factory.xml.XmlBeanDefinitionReader:316] - Loading XML bean definitions from class path resource [spring-servlet.xml]
2016-03-25 17:01:00 [org.springframework.web.servlet.handler.AbstractHandlerMethodMapping:197] - Mapped "{[/main],methods=[GET],params=[],headers=[],consumes=[],produces=[],custom=[]}" onto public java.lang.String com.lt.crm.web.controller.MainController.main()
2016-03-25 17:01:00 [org.springframework.web.servlet.handler.AbstractHandlerMethodMapping:197] - Mapped "{[/user],methods=[GET],params=[],headers=[],consumes=[],produces=[],custom=[]}" onto public java.lang.String com.lt.crm.web.controller.MainController.user()
2016-03-25 17:01:00 [org.springframework.web.servlet.handler.AbstractHandlerMethodMapping:197] - Mapped "{[/user/list],methods=[],params=[],headers=[],consumes=[],produces=[],custom=[]}" onto public com.lt.crm.common.page.PageResp<com.lt.crm.model.User> com.lt.crm.web.controller.UserController.list(java.lang.Integer,java.lang.Integer)
2016-03-25 17:01:00 [org.springframework.web.servlet.handler.AbstractHandlerMethodMapping:197] - Mapped "{[/user/save],methods=[],params=[],headers=[],consumes=[],produces=[],custom=[]}" onto public com.lt.crm.common.resp.RespBody com.lt.crm.web.controller.UserController.save(com.lt.crm.model.User,javax.servlet.http.HttpServletRequest)
2016-03-25 17:01:00 [org.springframework.web.servlet.handler.AbstractHandlerMethodMapping:197] - Mapped "{[/user/delete],methods=[],params=[],headers=[],consumes=[],produces=[],custom=[]}" onto public com.lt.crm.common.resp.RespBody com.lt.crm.web.controller.UserController.delete(java.lang.String)
2016-03-25 17:01:00 [org.springframework.web.servlet.handler.AbstractHandlerMethodMapping:197] - Mapped "{[/user/login],methods=[],params=[],headers=[],consumes=[],produces=[],custom=[]}" onto public com.lt.crm.common.resp.RespBody com.lt.crm.web.controller.UserController.login(javax.servlet.http.HttpSession,javax.servlet.http.HttpServletRequest,java.lang.String,java.lang.String)
2016-03-25 17:01:01 [org.springframework.web.servlet.handler.AbstractUrlHandlerMapping:315] - Mapped URL path [/**] onto handler 'org.springframework.web.servlet.resource.DefaultServletHttpRequestHandler#0'
2016-03-25 17:01:01 [org.springframework.web.servlet.handler.AbstractUrlHandlerMapping:315] - Mapped URL path [/static/**] onto handler 'org.springframework.web.servlet.resource.ResourceHttpRequestHandler#0'
2016-03-25 17:01:01 [org.springframework.web.servlet.handler.AbstractUrlHandlerMapping:302] - Root mapping to handler of type [class org.springframework.web.servlet.mvc.ParameterizableViewController]
2016-03-25 17:01:01 [org.springframework.web.servlet.FrameworkServlet:498] - FrameworkServlet 'springMVC': initialization completed in 1931 ms
